2020-07-26 10:51:28.892 ERROR 5276 --- [restartedMain] o.s.b.l.LoggingApplicationListener       : Cannot set level: ?????????????????????????????????????????? for '????????????'
2020-07-26 10:51:28.902  INFO 5276 --- [restartedMain] example.DemoApplication                  : Starting DemoApplication on admin-PC with PID 5276 (D:\proTool\workSpace\springboot\target\classes started by Administrator in D:\proTool\workSpace\springboot)
2020-07-26 10:51:28.902  INFO 5276 --- [restartedMain] example.DemoApplication                  : No active profile set, falling back to default profiles: default
2020-07-26 10:51:28.907  INFO 5276 --- [restartedMain] ationConfigEmbeddedWebApplicationContext : Refreshing org.springframework.boot.context.embedded.AnnotationConfigEmbeddedWebApplicationContext@3c36a19e: startup date [Sun Jul 26 10:51:28 CST 2020]; root of context hierarchy
2020-07-26 10:51:30.475  INFO 5276 --- [restartedMain] trationDelegate$BeanPostProcessorChecker : Bean 'org.springframework.transaction.annotation.ProxyTransactionManagementConfiguration' of type [class org.springframework.transaction.annotation.ProxyTransactionManagementConfiguration$$EnhancerBySpringCGLIB$$68830f1b] is not eligible for getting processed by all BeanPostProcessors (for example: not eligible for auto-proxying)
2020-07-26 10:51:30.842  INFO 5276 --- [restartedMain] s.b.c.e.t.TomcatEmbeddedServletContainer : Tomcat initialized with port(s): 8009 (http)
2020-07-26 10:51:30.843  INFO 5276 --- [restartedMain] o.apache.catalina.core.StandardService   : Starting service Tomcat
2020-07-26 10:51:30.843  INFO 5276 --- [restartedMain] org.apache.catalina.core.StandardEngine  : Starting Servlet Engine: Apache Tomcat/8.5.4
2020-07-26 10:51:31.136  INFO 5276 --- [localhost-startStop-1] o.a.c.c.C.[Tomcat].[localhost].[/]       : Initializing Spring embedded WebApplicationContext
2020-07-26 10:51:31.136  INFO 5276 --- [localhost-startStop-1] o.s.web.context.ContextLoader            : Root WebApplicationContext: initialization completed in 2230 ms
2020-07-26 10:51:31.288  INFO 5276 --- [localhost-startStop-1] o.s.b.w.servlet.ServletRegistrationBean  : Mapping servlet: 'dispatcherServlet' to [/]
2020-07-26 10:51:31.289  INFO 5276 --- [localhost-startStop-1] o.s.b.w.servlet.FilterRegistrationBean   : Mapping filter: 'characterEncodingFilter' to: [/*]
2020-07-26 10:51:31.290  INFO 5276 --- [localhost-startStop-1] o.s.b.w.servlet.FilterRegistrationBean   : Mapping filter: 'hiddenHttpMethodFilter' to: [/*]
2020-07-26 10:51:31.290  INFO 5276 --- [localhost-startStop-1] o.s.b.w.servlet.FilterRegistrationBean   : Mapping filter: 'httpPutFormContentFilter' to: [/*]
2020-07-26 10:51:31.290  INFO 5276 --- [localhost-startStop-1] o.s.b.w.servlet.FilterRegistrationBean   : Mapping filter: 'requestContextFilter' to: [/*]
2020-07-26 10:51:31.988  INFO 5276 --- [restartedMain] s.w.s.m.m.a.RequestMappingHandlerAdapter : Looking for @ControllerAdvice: org.springframework.boot.context.embedded.AnnotationConfigEmbeddedWebApplicationContext@3c36a19e: startup date [Sun Jul 26 10:51:28 CST 2020]; root of context hierarchy
2020-07-26 10:51:32.020  INFO 5276 --- [restartedMain] s.w.s.m.m.a.RequestMappingHandlerMapping : Mapped "{[/index],methods=[GET]}" onto public java.lang.String example.index.controller.HelloController.index(java.util.Map<java.lang.String, java.lang.String>) throws java.net.UnknownHostException
2020-07-26 10:51:32.021  INFO 5276 --- [restartedMain] s.w.s.m.m.a.RequestMappingHandlerMapping : Mapped "{[/getInfo]}" onto public java.util.Map<java.lang.String, java.lang.Object> example.index.controller.HelloController.getInfo()
2020-07-26 10:51:32.021  INFO 5276 --- [restartedMain] s.w.s.m.m.a.RequestMappingHandlerMapping : Mapped "{[/index],methods=[POST]}" onto public java.lang.String example.index.controller.HelloController.indexs(java.util.Map<java.lang.String, java.lang.String>)
2020-07-26 10:51:32.025  INFO 5276 --- [restartedMain] s.w.s.m.m.a.RequestMappingHandlerMapping : Mapped "{[/error]}" onto public org.springframework.http.ResponseEntity<java.util.Map<java.lang.String, java.lang.Object>> org.springframework.boot.autoconfigure.web.BasicErrorController.error(javax.servlet.http.HttpServletRequest)
2020-07-26 10:51:32.026  INFO 5276 --- [restartedMain] s.w.s.m.m.a.RequestMappingHandlerMapping : Mapped "{[/error],produces=[text/html]}" onto public org.springframework.web.servlet.ModelAndView org.springframework.boot.autoconfigure.web.BasicErrorController.errorHtml(javax.servlet.http.HttpServletRequest,javax.servlet.http.HttpServletResponse)
2020-07-26 10:51:32.070  INFO 5276 --- [restartedMain] o.s.w.s.handler.SimpleUrlHandlerMapping  : Mapped URL path [/webjars/**] onto handler of type [class org.springframework.web.servlet.resource.ResourceHttpRequestHandler]
2020-07-26 10:51:32.071  INFO 5276 --- [restartedMain] o.s.w.s.handler.SimpleUrlHandlerMapping  : Mapped URL path [/**] onto handler of type [class org.springframework.web.servlet.resource.ResourceHttpRequestHandler]
2020-07-26 10:51:32.120  INFO 5276 --- [restartedMain] o.s.w.s.handler.SimpleUrlHandlerMapping  : Mapped URL path [/**/favicon.ico] onto handler of type [class org.springframework.web.servlet.resource.ResourceHttpRequestHandler]
2020-07-26 10:51:32.474  INFO 5276 --- [restartedMain] o.s.b.d.a.OptionalLiveReloadServer       : LiveReload server is running on port 35729
2020-07-26 10:51:32.663  INFO 5276 --- [restartedMain] o.s.j.e.a.AnnotationMBeanExporter        : Registering beans for JMX exposure on startup
2020-07-26 10:51:32.903  INFO 5276 --- [restartedMain] s.b.c.e.t.TomcatEmbeddedServletContainer : Tomcat started on port(s): 8009 (http)
2020-07-26 10:51:32.906  INFO 5276 --- [restartedMain] example.DemoApplication                  : Started DemoApplication in 4.114 seconds (JVM running for 540.348)
2020-07-26 10:52:31.490  INFO 9268 --- [restartedMain] example.DemoApplication                  : Starting DemoApplication on admin-PC with PID 9268 (D:\proTool\workSpace\springboot\target\classes started by Administrator in D:\proTool\workSpace\springboot)
2020-07-26 10:52:31.507  INFO 9268 --- [restartedMain] example.DemoApplication                  : No active profile set, falling back to default profiles: default
2020-07-26 10:52:32.472  INFO 9268 --- [restartedMain] ationConfigEmbeddedWebApplicationContext : Refreshing org.springframework.boot.context.embedded.AnnotationConfigEmbeddedWebApplicationContext@7ef58ff9: startup date [Sun Jul 26 10:52:32 CST 2020]; root of context hierarchy
2020-07-26 10:52:35.723  INFO 9268 --- [restartedMain] trationDelegate$BeanPostProcessorChecker : Bean 'org.springframework.transaction.annotation.ProxyTransactionManagementConfiguration' of type [class org.springframework.transaction.annotation.ProxyTransactionManagementConfiguration$$EnhancerBySpringCGLIB$$bbfdfecc] is not eligible for getting processed by all BeanPostProcessors (for example: not eligible for auto-proxying)
2020-07-26 10:52:37.320  INFO 9268 --- [restartedMain] s.b.c.e.t.TomcatEmbeddedServletContainer : Tomcat initialized with port(s): 8009 (http)
2020-07-26 10:52:37.338  INFO 9268 --- [restartedMain] o.apache.catalina.core.StandardService   : Starting service Tomcat
2020-07-26 10:52:37.340  INFO 9268 --- [restartedMain] org.apache.catalina.core.StandardEngine  : Starting Servlet Engine: Apache Tomcat/8.5.4
2020-07-26 10:52:37.500  INFO 9268 --- [localhost-startStop-1] o.a.c.c.C.[Tomcat].[localhost].[/]       : Initializing Spring embedded WebApplicationContext
2020-07-26 10:52:37.501  INFO 9268 --- [localhost-startStop-1] o.s.web.context.ContextLoader            : Root WebApplicationContext: initialization completed in 5029 ms
2020-07-26 10:52:37.934  INFO 9268 --- [localhost-startStop-1] o.s.b.w.servlet.ServletRegistrationBean  : Mapping servlet: 'dispatcherServlet' to [/]
2020-07-26 10:52:37.944  INFO 9268 --- [localhost-startStop-1] o.s.b.w.servlet.FilterRegistrationBean   : Mapping filter: 'characterEncodingFilter' to: [/*]
2020-07-26 10:52:37.945  INFO 9268 --- [localhost-startStop-1] o.s.b.w.servlet.FilterRegistrationBean   : Mapping filter: 'hiddenHttpMethodFilter' to: [/*]
2020-07-26 10:52:37.946  INFO 9268 --- [localhost-startStop-1] o.s.b.w.servlet.FilterRegistrationBean   : Mapping filter: 'httpPutFormContentFilter' to: [/*]
2020-07-26 10:52:37.947  INFO 9268 --- [localhost-startStop-1] o.s.b.w.servlet.FilterRegistrationBean   : Mapping filter: 'requestContextFilter' to: [/*]
2020-07-26 10:52:39.266  INFO 9268 --- [restartedMain] s.w.s.m.m.a.RequestMappingHandlerAdapter : Looking for @ControllerAdvice: org.springframework.boot.context.embedded.AnnotationConfigEmbeddedWebApplicationContext@7ef58ff9: startup date [Sun Jul 26 10:52:32 CST 2020]; root of context hierarchy
2020-07-26 10:52:39.390  INFO 9268 --- [restartedMain] s.w.s.m.m.a.RequestMappingHandlerMapping : Mapped "{[/index],methods=[GET]}" onto public java.lang.String example.index.controller.HelloController.index(java.util.Map<java.lang.String, java.lang.String>) throws java.net.UnknownHostException
2020-07-26 10:52:39.394  INFO 9268 --- [restartedMain] s.w.s.m.m.a.RequestMappingHandlerMapping : Mapped "{[/getInfo]}" onto public java.util.Map<java.lang.String, java.lang.Object> example.index.controller.HelloController.getInfo()
2020-07-26 10:52:39.397  INFO 9268 --- [restartedMain] s.w.s.m.m.a.RequestMappingHandlerMapping : Mapped "{[/index],methods=[POST]}" onto public java.lang.String example.index.controller.HelloController.indexs(java.util.Map<java.lang.String, java.lang.String>)
2020-07-26 10:52:39.403  INFO 9268 --- [restartedMain] s.w.s.m.m.a.RequestMappingHandlerMapping : Mapped "{[/error]}" onto public org.springframework.http.ResponseEntity<java.util.Map<java.lang.String, java.lang.Object>> org.springframework.boot.autoconfigure.web.BasicErrorController.error(javax.servlet.http.HttpServletRequest)
2020-07-26 10:52:39.404  INFO 9268 --- [restartedMain] s.w.s.m.m.a.RequestMappingHandlerMapping : Mapped "{[/error],produces=[text/html]}" onto public org.springframework.web.servlet.ModelAndView org.springframework.boot.autoconfigure.web.BasicErrorController.errorHtml(javax.servlet.http.HttpServletRequest,javax.servlet.http.HttpServletResponse)
2020-07-26 10:52:39.505  INFO 9268 --- [restartedMain] o.s.w.s.handler.SimpleUrlHandlerMapping  : Mapped URL path [/webjars/**] onto handler of type [class org.springframework.web.servlet.resource.ResourceHttpRequestHandler]
2020-07-26 10:52:39.506  INFO 9268 --- [restartedMain] o.s.w.s.handler.SimpleUrlHandlerMapping  : Mapped URL path [/**] onto handler of type [class org.springframework.web.servlet.resource.ResourceHttpRequestHandler]
2020-07-26 10:52:39.615  INFO 9268 --- [restartedMain] o.s.w.s.handler.SimpleUrlHandlerMapping  : Mapped URL path [/**/favicon.ico] onto handler of type [class org.springframework.web.servlet.resource.ResourceHttpRequestHandler]
2020-07-26 10:52:40.933  INFO 9268 --- [restartedMain] o.s.b.d.a.OptionalLiveReloadServer       : LiveReload server is running on port 35729
2020-07-26 10:52:41.036  INFO 9268 --- [restartedMain] o.s.j.e.a.AnnotationMBeanExporter        : Registering beans for JMX exposure on startup
2020-07-26 10:52:41.130  INFO 9268 --- [restartedMain] s.b.c.e.t.TomcatEmbeddedServletContainer : Tomcat started on port(s): 8009 (http)
2020-07-26 10:52:41.139  INFO 9268 --- [restartedMain] example.DemoApplication                  : Started DemoApplication in 10.681 seconds (JVM running for 13.275)
2020-07-26 10:53:38.223  INFO 9268 --- [http-nio-8009-exec-1] o.a.c.c.C.[Tomcat].[localhost].[/]       : Initializing Spring FrameworkServlet 'dispatcherServlet'
2020-07-26 10:53:38.224  INFO 9268 --- [http-nio-8009-exec-1] o.s.web.servlet.DispatcherServlet        : FrameworkServlet 'dispatcherServlet': initialization started
2020-07-26 10:53:38.272  INFO 9268 --- [http-nio-8009-exec-1] o.s.web.servlet.DispatcherServlet        : FrameworkServlet 'dispatcherServlet': initialization completed in 48 ms
2020-07-26 10:53:38.345  INFO 9268 --- [http-nio-8009-exec-1] example.index.util.WebLogAspect          : ################URL : http://127.0.0.1:8009/index
2020-07-26 10:53:38.345  INFO 9268 --- [http-nio-8009-exec-1] example.index.util.WebLogAspect          : ################HTTP_METHOD : GET
2020-07-26 10:53:38.346  INFO 9268 --- [http-nio-8009-exec-1] example.index.util.WebLogAspect          : ################IP : 127.0.0.1
2020-07-26 10:53:38.347  INFO 9268 --- [http-nio-8009-exec-1] example.index.util.WebLogAspect          : ################THE ARGS OF THE CONTROLLER : [{host=127.0.0.1:8009, connection=keep-alive, cache-control=max-age=0, upgrade-insecure-requests=1, user-agent=Mozilla/5.0 (Windows NT 6.1; Win64; x64) AppleWebKit/537.36 (KHTML, like Gecko) Chrome/84.0.4147.89 Safari/537.36, accept=text/html,application/xhtml+xml,application/xml;q=0.9,image/webp,image/apng,*/*;q=0.8,application/signed-exchange;v=b3;q=0.9, sec-fetch-site=cross-site, sec-fetch-mode=navigate, sec-fetch-user=?1, sec-fetch-dest=document, accept-encoding=gzip, deflate, br, accept-language=zh-CN,zh;q=0.9}]
2020-07-26 10:53:38.350  INFO 9268 --- [http-nio-8009-exec-1] example.index.util.WebLogAspect          : ################CLASS_METHOD : example.index.controller.HelloController.index
2020-07-26 10:53:38.939  INFO 9268 --- [http-nio-8009-exec-6] example.index.util.WebLogAspect          : ################URL : http://127.0.0.1:8009/getInfo
2020-07-26 10:53:38.940  INFO 9268 --- [http-nio-8009-exec-6] example.index.util.WebLogAspect          : ################HTTP_METHOD : POST
2020-07-26 10:53:38.940  INFO 9268 --- [http-nio-8009-exec-6] example.index.util.WebLogAspect          : ################IP : 127.0.0.1
2020-07-26 10:53:38.940  INFO 9268 --- [http-nio-8009-exec-6] example.index.util.WebLogAspect          : ################THE ARGS OF THE CONTROLLER : []
2020-07-26 10:53:38.940  INFO 9268 --- [http-nio-8009-exec-6] example.index.util.WebLogAspect          : ################CLASS_METHOD : example.index.controller.HelloController.getInfo
2020-07-26 10:55:21.088  INFO 9268 --- [Thread-22] ationConfigEmbeddedWebApplicationContext : Closing org.springframework.boot.context.embedded.AnnotationConfigEmbeddedWebApplicationContext@7ef58ff9: startup date [Sun Jul 26 10:52:32 CST 2020]; root of context hierarchy
2020-07-26 10:55:21.092  INFO 9268 --- [Thread-22] o.s.j.e.a.AnnotationMBeanExporter        : Unregistering JMX-exposed beans on shutdown
